<?xml version="1.0" encoding="UTF-8"?>
<!-- Generated by org.testng.reporters.JUnitReportReporter -->
<testsuite hostname="DESKTOP-PMMGKCD" failures="0" tests="1" name="com.SauceDemoProjectTestClasses.TC03AddToCardFunctionality" time="4.756" errors="0" timestamp="2023-12-09T11:28:42 IST" skipped="0">
  <testcase classname="com.SauceDemoProjectTestClasses.TC03AddToCardFunctionality" name="verifyAddToCardFunctionality" time="4.756"/>
  <system-out/>
</testsuite> <!-- com.SauceDemoProjectTestClasses.TC03AddToCardFunctionality -->
