<?xml version="1.0" encoding="UTF-8"?>
<!-- Generated by org.testng.reporters.JUnitReportReporter -->
<testsuite hostname="DESKTOP-PMMGKCD" failures="0" tests="1" name="com.SauceDemoProjectTestClasses.TC04AddMultipleProductInCardFunctionality" time="6.812" errors="0" timestamp="2023-12-09T11:46:55 IST" skipped="0">
  <testcase classname="com.SauceDemoProjectTestClasses.TC04AddMultipleProductInCardFunctionality" name="verifyAddMultipleProductInCardFunctionality" time="6.812"/>
  <system-out/>
</testsuite> <!-- com.SauceDemoProjectTestClasses.TC04AddMultipleProductInCardFunctionality -->
