<?xml version="1.0" encoding="UTF-8"?>
<!-- Generated by org.testng.reporters.JUnitReportReporter -->
<testsuite hostname="DESKTOP-PMMGKCD" failures="0" tests="1" name="com.SauceDemoProjectTestClasses.verifyLoginFunctionality" time="6.153" errors="0" timestamp="2023-12-06T21:43:31 IST" skipped="0">
  <testcase classname="com.SauceDemoProjectTestClasses.verifyLoginFunctionality" name="verifyLogin" time="6.153"/>
  <system-out/>
</testsuite> <!-- com.SauceDemoProjectTestClasses.verifyLoginFunctionality -->
