<?xml version="1.0" encoding="UTF-8"?>
<!-- Generated by org.testng.reporters.JUnitReportReporter -->
<testsuite hostname="DESKTOP-PMMGKCD" failures="0" tests="1" name="com.SauceDemoProjectTestClasses.verifyLogoutFunctionality" time="6.112" errors="0" timestamp="2023-12-09T10:56:39 IST" skipped="0">
  <testcase classname="com.SauceDemoProjectTestClasses.verifyLogoutFunctionality" name="verifyLogout" time="6.112"/>
  <system-out/>
</testsuite> <!-- com.SauceDemoProjectTestClasses.verifyLogoutFunctionality -->
