<?xml version="1.0" encoding="UTF-8"?>
<!-- Generated by org.testng.reporters.JUnitReportReporter -->
<testsuite hostname="DESKTOP-PMMGKCD" failures="0" tests="1" name="com.SauceDemoProjectTestClasses.TC05CheckoutFunctinality" time="4.543" errors="0" timestamp="2023-12-09T12:22:04 IST" skipped="0">
  <testcase classname="com.SauceDemoProjectTestClasses.TC05CheckoutFunctinality" name="verifyCheckoutFunctionality" time="4.543"/>
  <system-out/>
</testsuite> <!-- com.SauceDemoProjectTestClasses.TC05CheckoutFunctinality -->
